'2019-05-15 00:00:01--{"rebate_times":"1","rebate_day":0}'
'2019-05-16 00:00:01--{"rebate_times":"1","rebate_day":0}'
'2019-05-17 00:00:01--{"rebate_times":"1","rebate_day":0}'
'2019-05-18 00:00:01--{"rebate_times":"1","rebate_day":0}'
'2019-05-18 14:56:24--{"rebate_times":"1","rebate_day":0}'
'2019-05-18 14:58:46--'
'2019-05-18 15:29:11--'
'2019-05-18 15:29:57--UPDATE `yq_team_member` SET `rebate_times`=1,`rebate_day`=0 WHERE `level` > 0'
'2019-05-18 15:30:43--UPDATE `yq_team_member` SET `rebate_times`=1,`rebate_day`=0 WHERE `level` > 0'
'2019-05-18 15:32:34--ERRORUPDATE `yq_team_member` SET `rebate_times`=1,`rebate_day`=0 WHERE `level` > 0'
'2019-05-18 15:34:16-- SUCCESS'
'2019-05-19 00:00:01-- SUCCESS'
'2019-05-20 00:00:01-- SUCCESS'
'2019-05-21 00:00:01-- SUCCESS'
'2019-05-22 00:00:01-- SUCCESS'
'2019-05-23 00:00:01-- SUCCESS'
'2019-05-24 00:00:01-- SUCCESS'
'2019-05-25 00:00:01-- SUCCESS'
'2019-05-25 10:54:11-- SUCCESS'
'2019-05-26 00:00:01-- SUCCESS'
'2019-05-27 00:00:01-- SUCCESS'
'2019-05-28 00:00:02-- SUCCESS'
'2019-05-29 00:00:01-- SUCCESS'
'2019-05-30 00:00:01-- SUCCESS'
'2019-05-31 00:00:01-- SUCCESS'
